go: github.com/projectdiscovery/subfinder/cmd/subfinder@latest: module github.com/projectdiscovery/subfinder@latest found (v2.7.1+incompatible), but does not contain package github.com/projectdiscovery/subfinder/cmd/subfinder
go: github.com/projectdiscovery/assetfinder/cmd/assetfinder@latest: module github.com/projectdiscovery/assetfinder/cmd/assetfinder: git ls-remote -q origin in /root/go/pkg/mod/cache/vcs/c7e00c45f6b325dd5d12696a26a9b5c09dfd0f018534648627597e5578ba93d8: exit status 128:
	fatal: could not read Username for 'https://github.com': terminal prompts disabled
Confirm the import path was entered correctly.
If this is a private repository, see https://golang.org/doc/faq#git_https for additional information.
go: github.com/projectdiscovery/gau/cmd/gau@latest: module github.com/projectdiscovery/gau/cmd/gau: git ls-remote -q origin in /root/go/pkg/mod/cache/vcs/eee62718da6061e1cdbee84e2cf75e5f477a6030a51c0cd2ce1fa33feb9ab61b: exit status 128:
	fatal: could not read Username for 'https://github.com': terminal prompts disabled
Confirm the import path was entered correctly.
If this is a private repository, see https://golang.org/doc/faq#git_https for additional information.
go: github.com/projectdiscovery/waybackurls/cmd/waybackurls@latest: module github.com/projectdiscovery/waybackurls/cmd/waybackurls: git ls-remote -q origin in /root/go/pkg/mod/cache/vcs/1a13ef2755e71430128cf6bd9f8222d0b97c99b9e5979c88dd885bcaffc00c76: exit status 128:
	fatal: could not read Username for 'https://github.com': terminal prompts disabled
Confirm the import path was entered correctly.
If this is a private repository, see https://golang.org/doc/faq#git_https for additional information.
go: github.com/projectdiscovery/qsreplace/cmd/qsreplace@latest: module github.com/projectdiscovery/qsreplace/cmd/qsreplace: git ls-remote -q origin in /root/go/pkg/mod/cache/vcs/93d7a0fa7b47892321d7377bb0e823a37dc26a593accc46137ddf6f59a372e04: exit status 128:
	fatal: could not read Username for 'https://github.com': terminal prompts disabled
Confirm the import path was entered correctly.
If this is a private repository, see https://golang.org/doc/faq#git_https for additional information.
go: github.com/projectdiscovery/gowitness/cmd/gowitness@latest: module github.com/projectdiscovery/gowitness/cmd/gowitness: git ls-remote -q origin in /root/go/pkg/mod/cache/vcs/1bf1e386b9c496b8c468eab3d896911edf22191855c7f24bec115f2157274f88: exit status 128:
	fatal: could not read Username for 'https://github.com': terminal prompts disabled
Confirm the import path was entered correctly.
If this is a private repository, see https://golang.org/doc/faq#git_https for additional information.
